{
  "C:\\Users\\Humberto\\Desktop\\Humberto\\Study\\WebDev\\form-react-app\\src\\reportWebVitals.js": {
    "path": "C:\\Users\\Humberto\\Desktop\\Humberto\\Study\\WebDev\\form-react-app\\src\\reportWebVitals.js",
    "statementMap": {
      "0": {
        "start": {
          "line": 1,
          "column": 24
        },
        "end": {
          "line": 11,
          "column": 1
        }
      },
      "1": {
        "start": {
          "line": 2,
          "column": 2
        },
        "end": {
          "line": 10,
          "column": 3
        }
      },
      "2": {
        "start": {
          "line": 3,
          "column": 4
        },
        "end": {
          "line": 9,
          "column": 7
        }
      },
      "3": {
        "start": {
          "line": 4,
          "column": 6
        },
        "end": {
          "line": 4,
          "column": 26
        }
      },
      "4": {
        "start": {
          "line": 5,
          "column": 6
        },
        "end": {
          "line": 5,
          "column": 26
        }
      },
      "5": {
        "start": {
          "line": 6,
          "column": 6
        },
        "end": {
          "line": 6,
          "column": 26
        }
      },
      "6": {
        "start": {
          "line": 7,
          "column": 6
        },
        "end": {
          "line": 7,
          "column": 26
        }
      },
      "7": {
        "start": {
          "line": 8,
          "column": 6
        },
        "end": {
          "line": 8,
          "column": 27
        }
      }
    },
    "fnMap": {
      "0": {
        "name": "(anonymous_0)",
        "decl": {
          "start": {
            "line": 1,
            "column": 24
          },
          "end": {
            "line": 1,
            "column": 25
          }
        },
        "loc": {
          "start": {
            "line": 1,
            "column": 39
          },
          "end": {
            "line": 11,
            "column": 1
          }
        },
        "line": 1
      },
      "1": {
        "name": "(anonymous_1)",
        "decl": {
          "start": {
            "line": 3,
            "column": 30
          },
          "end": {
            "line": 3,
            "column": 31
          }
        },
        "loc": {
          "start": {
            "line": 3,
            "column": 79
          },
          "end": {
            "line": 9,
            "column": 5
          }
        },
        "line": 3
      }
    },
    "branchMap": {
      "0": {
        "loc": {
          "start": {
            "line": 2,
            "column": 2
          },
          "end": {
            "line": 10,
            "column": 3
          }
        },
        "type": "if",
        "locations": [
          {
            "start": {
              "line": 2,
              "column": 2
            },
            "end": {
              "line": 10,
              "column": 3
            }
          },
          {
            "start": {
              "line": 2,
              "column": 2
            },
            "end": {
              "line": 10,
              "column": 3
            }
          }
        ],
        "line": 2
      },
      "1": {
        "loc": {
          "start": {
            "line": 2,
            "column": 6
          },
          "end": {
            "line": 2,
            "column": 52
          }
        },
        "type": "binary-expr",
        "locations": [
          {
            "start": {
              "line": 2,
              "column": 6
            },
            "end": {
              "line": 2,
              "column": 17
            }
          },
          {
            "start": {
              "line": 2,
              "column": 21
            },
            "end": {
              "line": 2,
              "column": 52
            }
          }
        ],
        "line": 2
      }
    },
    "s": {
      "0": 7,
      "1": 7,
      "2": 0,
      "3": 0,
      "4": 0,
      "5": 0,
      "6": 0,
      "7": 0
    },
    "f": {
      "0": 7,
      "1": 0
    },
    "b": {
      "0": [
        0,
        7
      ],
      "1": [
        7,
        0
      ]
    },
    "_coverageSchema": "1a1c01bbd47fc00a2c39e90264f33305004495a9",
    "hash": "6c78e1882e84a929f6d89b5b8216def2801fb0a5"
  },
  "C:\\Users\\Humberto\\Desktop\\Humberto\\Study\\WebDev\\form-react-app\\src\\components\\DeleteConfirmationDialog\\index.jsx": {
    "path": "C:\\Users\\Humberto\\Desktop\\Humberto\\Study\\WebDev\\form-react-app\\src\\components\\DeleteConfirmationDialog\\index.jsx",
    "statementMap": {
      "0": {
        "start": {
          "line": 15,
          "column": 4
        },
        "end": {
          "line": 43,
          "column": 6
        }
      },
      "1": {
        "start": {
          "line": 46,
          "column": 0
        },
        "end": {
          "line": 51,
          "column": 2
        }
      }
    },
    "fnMap": {
      "0": {
        "name": "DeleteConfirmationDialog",
        "decl": {
          "start": {
            "line": 14,
            "column": 9
          },
          "end": {
            "line": 14,
            "column": 33
          }
        },
        "loc": {
          "start": {
            "line": 14,
            "column": 73
          },
          "end": {
            "line": 44,
            "column": 1
          }
        },
        "line": 14
      }
    },
    "branchMap": {
      "0": {
        "loc": {
          "start": {
            "line": 23,
            "column": 17
          },
          "end": {
            "line": 32,
            "column": 17
          }
        },
        "type": "cond-expr",
        "locations": [
          {
            "start": {
              "line": 24,
              "column": 20
            },
            "end": {
              "line": 26,
              "column": 26
            }
          },
          {
            "start": {
              "line": 28,
              "column": 20
            },
            "end": {
              "line": 31,
              "column": 33
            }
          }
        ],
        "line": 23
      }
    },
    "s": {
      "0": 143,
      "1": 7
    },
    "f": {
      "0": 143
    },
    "b": {
      "0": [
        2,
        141
      ]
    },
    "_coverageSchema": "1a1c01bbd47fc00a2c39e90264f33305004495a9",
    "hash": "e32b46ac8888535774c2b95a0a0e7c5a0fd80048"
  },
  "C:\\Users\\Humberto\\Desktop\\Humberto\\Study\\WebDev\\form-react-app\\src\\components\\NotificationSnackbar\\index.jsx": {
    "path": "C:\\Users\\Humberto\\Desktop\\Humberto\\Study\\WebDev\\form-react-app\\src\\components\\NotificationSnackbar\\index.jsx",
    "statementMap": {
      "0": {
        "start": {
          "line": 6,
          "column": 4
        },
        "end": {
          "line": 17,
          "column": 6
        }
      },
      "1": {
        "start": {
          "line": 20,
          "column": 0
        },
        "end": {
          "line": 24,
          "column": 2
        }
      }
    },
    "fnMap": {
      "0": {
        "name": "NotificationSnackbar",
        "decl": {
          "start": {
            "line": 5,
            "column": 9
          },
          "end": {
            "line": 5,
            "column": 29
          }
        },
        "loc": {
          "start": {
            "line": 5,
            "column": 74
          },
          "end": {
            "line": 18,
            "column": 1
          }
        },
        "line": 5
      }
    },
    "branchMap": {
      "0": {
        "loc": {
          "start": {
            "line": 5,
            "column": 50
          },
          "end": {
            "line": 5,
            "column": 70
          }
        },
        "type": "default-arg",
        "locations": [
          {
            "start": {
              "line": 5,
              "column": 61
            },
            "end": {
              "line": 5,
              "column": 70
            }
          }
        ],
        "line": 5
      }
    },
    "s": {
      "0": 333,
      "1": 7
    },
    "f": {
      "0": 333
    },
    "b": {
      "0": [
        0
      ]
    },
    "_coverageSchema": "1a1c01bbd47fc00a2c39e90264f33305004495a9",
    "hash": "a3e2987cab9426c8c285fe3c9089c315ef4496fc"
  },
  "C:\\Users\\Humberto\\Desktop\\Humberto\\Study\\WebDev\\form-react-app\\src\\api\\http.js": {
    "path": "C:\\Users\\Humberto\\Desktop\\Humberto\\Study\\WebDev\\form-react-app\\src\\api\\http.js",
    "statementMap": {
      "0": {
        "start": {
          "line": 5,
          "column": 15
        },
        "end": {
          "line": 8,
          "column": 1
        }
      },
      "1": {
        "start": {
          "line": 6,
          "column": 4
        },
        "end": {
          "line": 6,
          "column": 28
        }
      },
      "2": {
        "start": {
          "line": 7,
          "column": 4
        },
        "end": {
          "line": 7,
          "column": 38
        }
      },
      "3": {
        "start": {
          "line": 10,
          "column": 0
        },
        "end": {
          "line": 10,
          "column": 23
        }
      },
      "4": {
        "start": {
          "line": 12,
          "column": 25
        },
        "end": {
          "line": 37,
          "column": 1
        }
      },
      "5": {
        "start": {
          "line": 13,
          "column": 18
        },
        "end": {
          "line": 13,
          "column": 38
        }
      },
      "6": {
        "start": {
          "line": 15,
          "column": 4
        },
        "end": {
          "line": 17,
          "column": 5
        }
      },
      "7": {
        "start": {
          "line": 16,
          "column": 8
        },
        "end": {
          "line": 16,
          "column": 24
        }
      },
      "8": {
        "start": {
          "line": 19,
          "column": 4
        },
        "end": {
          "line": 34,
          "column": 5
        }
      },
      "9": {
        "start": {
          "line": 20,
          "column": 24
        },
        "end": {
          "line": 20,
          "column": 40
        }
      },
      "10": {
        "start": {
          "line": 22,
          "column": 27
        },
        "end": {
          "line": 22,
          "column": 38
        }
      },
      "11": {
        "start": {
          "line": 24,
          "column": 21
        },
        "end": {
          "line": 24,
          "column": 31
        }
      },
      "12": {
        "start": {
          "line": 25,
          "column": 20
        },
        "end": {
          "line": 25,
          "column": 41
        }
      },
      "13": {
        "start": {
          "line": 27,
          "column": 8
        },
        "end": {
          "line": 29,
          "column": 9
        }
      },
      "14": {
        "start": {
          "line": 28,
          "column": 12
        },
        "end": {
          "line": 28,
          "column": 28
        }
      },
      "15": {
        "start": {
          "line": 31,
          "column": 8
        },
        "end": {
          "line": 33,
          "column": 9
        }
      },
      "16": {
        "start": {
          "line": 32,
          "column": 12
        },
        "end": {
          "line": 32,
          "column": 28
        }
      },
      "17": {
        "start": {
          "line": 36,
          "column": 4
        },
        "end": {
          "line": 36,
          "column": 18
        }
      },
      "18": {
        "start": {
          "line": 39,
          "column": 12
        },
        "end": {
          "line": 49,
          "column": 1
        }
      },
      "19": {
        "start": {
          "line": 40,
          "column": 18
        },
        "end": {
          "line": 40,
          "column": 38
        }
      },
      "20": {
        "start": {
          "line": 42,
          "column": 21
        },
        "end": {
          "line": 45,
          "column": 6
        }
      },
      "21": {
        "start": {
          "line": 46,
          "column": 4
        },
        "end": {
          "line": 46,
          "column": 56
        }
      },
      "22": {
        "start": {
          "line": 48,
          "column": 4
        },
        "end": {
          "line": 48,
          "column": 20
        }
      }
    },
    "fnMap": {
      "0": {
        "name": "(anonymous_0)",
        "decl": {
          "start": {
            "line": 5,
            "column": 15
          },
          "end": {
            "line": 5,
            "column": 16
          }
        },
        "loc": {
          "start": {
            "line": 5,
            "column": 21
          },
          "end": {
            "line": 8,
            "column": 1
          }
        },
        "line": 5
      },
      "1": {
        "name": "(anonymous_1)",
        "decl": {
          "start": {
            "line": 12,
            "column": 25
          },
          "end": {
            "line": 12,
            "column": 26
          }
        },
        "loc": {
          "start": {
            "line": 12,
            "column": 37
          },
          "end": {
            "line": 37,
            "column": 1
          }
        },
        "line": 12
      },
      "2": {
        "name": "(anonymous_2)",
        "decl": {
          "start": {
            "line": 39,
            "column": 12
          },
          "end": {
            "line": 39,
            "column": 13
          }
        },
        "loc": {
          "start": {
            "line": 39,
            "column": 18
          },
          "end": {
            "line": 49,
            "column": 1
          }
        },
        "line": 39
      }
    },
    "branchMap": {
      "0": {
        "loc": {
          "start": {
            "line": 15,
            "column": 4
          },
          "end": {
            "line": 17,
            "column": 5
          }
        },
        "type": "if",
        "locations": [
          {
            "start": {
              "line": 15,
              "column": 4
            },
            "end": {
              "line": 17,
              "column": 5
            }
          },
          {
            "start": {
              "line": 15,
              "column": 4
            },
            "end": {
              "line": 17,
              "column": 5
            }
          }
        ],
        "line": 15
      },
      "1": {
        "loc": {
          "start": {
            "line": 27,
            "column": 8
          },
          "end": {
            "line": 29,
            "column": 9
          }
        },
        "type": "if",
        "locations": [
          {
            "start": {
              "line": 27,
              "column": 8
            },
            "end": {
              "line": 29,
              "column": 9
            }
          },
          {
            "start": {
              "line": 27,
              "column": 8
            },
            "end": {
              "line": 29,
              "column": 9
            }
          }
        ],
        "line": 27
      },
      "2": {
        "loc": {
          "start": {
            "line": 27,
            "column": 12
          },
          "end": {
            "line": 27,
            "column": 42
          }
        },
        "type": "binary-expr",
        "locations": [
          {
            "start": {
              "line": 27,
              "column": 12
            },
            "end": {
              "line": 27,
              "column": 22
            }
          },
          {
            "start": {
              "line": 27,
              "column": 26
            },
            "end": {
              "line": 27,
              "column": 42
            }
          }
        ],
        "line": 27
      },
      "3": {
        "loc": {
          "start": {
            "line": 31,
            "column": 8
          },
          "end": {
            "line": 33,
            "column": 9
          }
        },
        "type": "if",
        "locations": [
          {
            "start": {
              "line": 31,
              "column": 8
            },
            "end": {
              "line": 33,
              "column": 9
            }
          },
          {
            "start": {
              "line": 31,
              "column": 8
            },
            "end": {
              "line": 33,
              "column": 9
            }
          }
        ],
        "line": 31
      }
    },
    "s": {
      "0": 7,
      "1": 0,
      "2": 0,
      "3": 7,
      "4": 7,
      "5": 13,
      "6": 13,
      "7": 0,
      "8": 13,
      "9": 13,
      "10": 0,
      "11": 0,
      "12": 0,
      "13": 0,
      "14": 0,
      "15": 13,
      "16": 13,
      "17": 13,
      "18": 7,
      "19": 13,
      "20": 13,
      "21": 13,
      "22": 13
    },
    "f": {
      "0": 0,
      "1": 13,
      "2": 13
    },
    "b": {
      "0": [
        0,
        13
      ],
      "1": [
        0,
        0
      ],
      "2": [
        0,
        0
      ],
      "3": [
        13,
        0
      ]
    },
    "_coverageSchema": "1a1c01bbd47fc00a2c39e90264f33305004495a9",
    "hash": "9e842af702e771a95c9580fef14f8417afbc0c2e"
  },
  "C:\\Users\\Humberto\\Desktop\\Humberto\\Study\\WebDev\\form-react-app\\src\\api\\routes.js": {
    "path": "C:\\Users\\Humberto\\Desktop\\Humberto\\Study\\WebDev\\form-react-app\\src\\api\\routes.js",
    "statementMap": {
      "0": {
        "start": {
          "line": 3,
          "column": 24
        },
        "end": {
          "line": 3,
          "column": 48
        }
      },
      "1": {
        "start": {
          "line": 3,
          "column": 30
        },
        "end": {
          "line": 3,
          "column": 48
        }
      },
      "2": {
        "start": {
          "line": 4,
          "column": 26
        },
        "end": {
          "line": 4,
          "column": 61
        }
      },
      "3": {
        "start": {
          "line": 4,
          "column": 36
        },
        "end": {
          "line": 4,
          "column": 61
        }
      },
      "4": {
        "start": {
          "line": 5,
          "column": 26
        },
        "end": {
          "line": 5,
          "column": 78
        }
      },
      "5": {
        "start": {
          "line": 5,
          "column": 44
        },
        "end": {
          "line": 5,
          "column": 78
        }
      },
      "6": {
        "start": {
          "line": 6,
          "column": 26
        },
        "end": {
          "line": 6,
          "column": 69
        }
      },
      "7": {
        "start": {
          "line": 6,
          "column": 38
        },
        "end": {
          "line": 6,
          "column": 69
        }
      },
      "8": {
        "start": {
          "line": 7,
          "column": 30
        },
        "end": {
          "line": 12,
          "column": 6
        }
      },
      "9": {
        "start": {
          "line": 8,
          "column": 4
        },
        "end": {
          "line": 12,
          "column": 6
        }
      },
      "10": {
        "start": {
          "line": 13,
          "column": 23
        },
        "end": {
          "line": 13,
          "column": 63
        }
      },
      "11": {
        "start": {
          "line": 13,
          "column": 35
        },
        "end": {
          "line": 13,
          "column": 63
        }
      },
      "12": {
        "start": {
          "line": 14,
          "column": 30
        },
        "end": {
          "line": 15,
          "column": 48
        }
      },
      "13": {
        "start": {
          "line": 15,
          "column": 4
        },
        "end": {
          "line": 15,
          "column": 48
        }
      }
    },
    "fnMap": {
      "0": {
        "name": "(anonymous_0)",
        "decl": {
          "start": {
            "line": 3,
            "column": 24
          },
          "end": {
            "line": 3,
            "column": 25
          }
        },
        "loc": {
          "start": {
            "line": 3,
            "column": 30
          },
          "end": {
            "line": 3,
            "column": 48
          }
        },
        "line": 3
      },
      "1": {
        "name": "(anonymous_1)",
        "decl": {
          "start": {
            "line": 4,
            "column": 26
          },
          "end": {
            "line": 4,
            "column": 27
          }
        },
        "loc": {
          "start": {
            "line": 4,
            "column": 36
          },
          "end": {
            "line": 4,
            "column": 61
          }
        },
        "line": 4
      },
      "2": {
        "name": "(anonymous_2)",
        "decl": {
          "start": {
            "line": 5,
            "column": 26
          },
          "end": {
            "line": 5,
            "column": 27
          }
        },
        "loc": {
          "start": {
            "line": 5,
            "column": 44
          },
          "end": {
            "line": 5,
            "column": 78
          }
        },
        "line": 5
      },
      "3": {
        "name": "(anonymous_3)",
        "decl": {
          "start": {
            "line": 6,
            "column": 26
          },
          "end": {
            "line": 6,
            "column": 27
          }
        },
        "loc": {
          "start": {
            "line": 6,
            "column": 38
          },
          "end": {
            "line": 6,
            "column": 69
          }
        },
        "line": 6
      },
      "4": {
        "name": "(anonymous_4)",
        "decl": {
          "start": {
            "line": 7,
            "column": 30
          },
          "end": {
            "line": 7,
            "column": 31
          }
        },
        "loc": {
          "start": {
            "line": 8,
            "column": 4
          },
          "end": {
            "line": 12,
            "column": 6
          }
        },
        "line": 8
      },
      "5": {
        "name": "(anonymous_5)",
        "decl": {
          "start": {
            "line": 13,
            "column": 23
          },
          "end": {
            "line": 13,
            "column": 24
          }
        },
        "loc": {
          "start": {
            "line": 13,
            "column": 35
          },
          "end": {
            "line": 13,
            "column": 63
          }
        },
        "line": 13
      },
      "6": {
        "name": "(anonymous_6)",
        "decl": {
          "start": {
            "line": 14,
            "column": 30
          },
          "end": {
            "line": 14,
            "column": 31
          }
        },
        "loc": {
          "start": {
            "line": 15,
            "column": 4
          },
          "end": {
            "line": 15,
            "column": 48
          }
        },
        "line": 15
      }
    },
    "branchMap": {},
    "s": {
      "0": 7,
      "1": 7,
      "2": 7,
      "3": 1,
      "4": 7,
      "5": 1,
      "6": 7,
      "7": 1,
      "8": 7,
      "9": 1,
      "10": 7,
      "11": 1,
      "12": 7,
      "13": 1
    },
    "f": {
      "0": 7,
      "1": 1,
      "2": 1,
      "3": 1,
      "4": 1,
      "5": 1,
      "6": 1
    },
    "b": {},
    "_coverageSchema": "1a1c01bbd47fc00a2c39e90264f33305004495a9",
    "hash": "08d03b22ff735e27f35e6a41c08267a032efacfa"
  },
  "C:\\Users\\Humberto\\Desktop\\Humberto\\Study\\WebDev\\form-react-app\\src\\components\\EditToolbar\\index.jsx": {
    "path": "C:\\Users\\Humberto\\Desktop\\Humberto\\Study\\WebDev\\form-react-app\\src\\components\\EditToolbar\\index.jsx",
    "statementMap": {
      "0": {
        "start": {
          "line": 12,
          "column": 64
        },
        "end": {
          "line": 12,
          "column": 79
        }
      },
      "1": {
        "start": {
          "line": 13,
          "column": 40
        },
        "end": {
          "line": 13,
          "column": 55
        }
      },
      "2": {
        "start": {
          "line": 14,
          "column": 34
        },
        "end": {
          "line": 14,
          "column": 53
        }
      },
      "3": {
        "start": {
          "line": 16,
          "column": 33
        },
        "end": {
          "line": 26,
          "column": 5
        }
      },
      "4": {
        "start": {
          "line": 17,
          "column": 19
        },
        "end": {
          "line": 17,
          "column": 28
        }
      },
      "5": {
        "start": {
          "line": 18,
          "column": 8
        },
        "end": {
          "line": 21,
          "column": 11
        }
      },
      "6": {
        "start": {
          "line": 18,
          "column": 29
        },
        "end": {
          "line": 21,
          "column": 9
        }
      },
      "7": {
        "start": {
          "line": 22,
          "column": 8
        },
        "end": {
          "line": 25,
          "column": 12
        }
      },
      "8": {
        "start": {
          "line": 22,
          "column": 40
        },
        "end": {
          "line": 25,
          "column": 9
        }
      },
      "9": {
        "start": {
          "line": 28,
          "column": 36
        },
        "end": {
          "line": 30,
          "column": 5
        }
      },
      "10": {
        "start": {
          "line": 29,
          "column": 8
        },
        "end": {
          "line": 29,
          "column": 40
        }
      },
      "11": {
        "start": {
          "line": 32,
          "column": 23
        },
        "end": {
          "line": 54,
          "column": 5
        }
      },
      "12": {
        "start": {
          "line": 33,
          "column": 8
        },
        "end": {
          "line": 33,
          "column": 28
        }
      },
      "13": {
        "start": {
          "line": 35,
          "column": 8
        },
        "end": {
          "line": 53,
          "column": 15
        }
      },
      "14": {
        "start": {
          "line": 37,
          "column": 16
        },
        "end": {
          "line": 37,
          "column": 37
        }
      },
      "15": {
        "start": {
          "line": 38,
          "column": 16
        },
        "end": {
          "line": 38,
          "column": 49
        }
      },
      "16": {
        "start": {
          "line": 40,
          "column": 16
        },
        "end": {
          "line": 44,
          "column": 18
        }
      },
      "17": {
        "start": {
          "line": 41,
          "column": 20
        },
        "end": {
          "line": 43,
          "column": 21
        }
      },
      "18": {
        "start": {
          "line": 42,
          "column": 34
        },
        "end": {
          "line": 42,
          "column": 70
        }
      },
      "19": {
        "start": {
          "line": 47,
          "column": 16
        },
        "end": {
          "line": 47,
          "column": 37
        }
      },
      "20": {
        "start": {
          "line": 48,
          "column": 16
        },
        "end": {
          "line": 48,
          "column": 49
        }
      },
      "21": {
        "start": {
          "line": 50,
          "column": 16
        },
        "end": {
          "line": 52,
          "column": 18
        }
      },
      "22": {
        "start": {
          "line": 56,
          "column": 4
        },
        "end": {
          "line": 89,
          "column": 6
        }
      },
      "23": {
        "start": {
          "line": 60,
          "column": 31
        },
        "end": {
          "line": 60,
          "column": 63
        }
      },
      "24": {
        "start": {
          "line": 86,
          "column": 31
        },
        "end": {
          "line": 86,
          "column": 52
        }
      },
      "25": {
        "start": {
          "line": 92,
          "column": 0
        },
        "end": {
          "line": 97,
          "column": 2
        }
      }
    },
    "fnMap": {
      "0": {
        "name": "EditToolbar",
        "decl": {
          "start": {
            "line": 11,
            "column": 9
          },
          "end": {
            "line": 11,
            "column": 20
          }
        },
        "loc": {
          "start": {
            "line": 11,
            "column": 78
          },
          "end": {
            "line": 90,
            "column": 1
          }
        },
        "line": 11
      },
      "1": {
        "name": "(anonymous_1)",
        "decl": {
          "start": {
            "line": 16,
            "column": 33
          },
          "end": {
            "line": 16,
            "column": 34
          }
        },
        "loc": {
          "start": {
            "line": 16,
            "column": 39
          },
          "end": {
            "line": 26,
            "column": 5
          }
        },
        "line": 16
      },
      "2": {
        "name": "(anonymous_2)",
        "decl": {
          "start": {
            "line": 18,
            "column": 16
          },
          "end": {
            "line": 18,
            "column": 17
          }
        },
        "loc": {
          "start": {
            "line": 18,
            "column": 29
          },
          "end": {
            "line": 21,
            "column": 9
          }
        },
        "line": 18
      },
      "3": {
        "name": "(anonymous_3)",
        "decl": {
          "start": {
            "line": 22,
            "column": 25
          },
          "end": {
            "line": 22,
            "column": 26
          }
        },
        "loc": {
          "start": {
            "line": 22,
            "column": 40
          },
          "end": {
            "line": 25,
            "column": 9
          }
        },
        "line": 22
      },
      "4": {
        "name": "(anonymous_4)",
        "decl": {
          "start": {
            "line": 28,
            "column": 36
          },
          "end": {
            "line": 28,
            "column": 37
          }
        },
        "loc": {
          "start": {
            "line": 28,
            "column": 42
          },
          "end": {
            "line": 30,
            "column": 5
          }
        },
        "line": 28
      },
      "5": {
        "name": "(anonymous_5)",
        "decl": {
          "start": {
            "line": 32,
            "column": 23
          },
          "end": {
            "line": 32,
            "column": 24
          }
        },
        "loc": {
          "start": {
            "line": 32,
            "column": 29
          },
          "end": {
            "line": 54,
            "column": 5
          }
        },
        "line": 32
      },
      "6": {
        "name": "(anonymous_6)",
        "decl": {
          "start": {
            "line": 36,
            "column": 18
          },
          "end": {
            "line": 36,
            "column": 19
          }
        },
        "loc": {
          "start": {
            "line": 36,
            "column": 24
          },
          "end": {
            "line": 45,
            "column": 13
          }
        },
        "line": 36
      },
      "7": {
        "name": "(anonymous_7)",
        "decl": {
          "start": {
            "line": 40,
            "column": 24
          },
          "end": {
            "line": 40,
            "column": 25
          }
        },
        "loc": {
          "start": {
            "line": 41,
            "column": 20
          },
          "end": {
            "line": 43,
            "column": 21
          }
        },
        "line": 41
      },
      "8": {
        "name": "(anonymous_8)",
        "decl": {
          "start": {
            "line": 42,
            "column": 24
          },
          "end": {
            "line": 42,
            "column": 25
          }
        },
        "loc": {
          "start": {
            "line": 42,
            "column": 34
          },
          "end": {
            "line": 42,
            "column": 70
          }
        },
        "line": 42
      },
      "9": {
        "name": "(anonymous_9)",
        "decl": {
          "start": {
            "line": 46,
            "column": 19
          },
          "end": {
            "line": 46,
            "column": 20
          }
        },
        "loc": {
          "start": {
            "line": 46,
            "column": 25
          },
          "end": {
            "line": 53,
            "column": 13
          }
        },
        "line": 46
      },
      "10": {
        "name": "(anonymous_10)",
        "decl": {
          "start": {
            "line": 60,
            "column": 25
          },
          "end": {
            "line": 60,
            "column": 26
          }
        },
        "loc": {
          "start": {
            "line": 60,
            "column": 31
          },
          "end": {
            "line": 60,
            "column": 63
          }
        },
        "line": 60
      },
      "11": {
        "name": "(anonymous_11)",
        "decl": {
          "start": {
            "line": 86,
            "column": 25
          },
          "end": {
            "line": 86,
            "column": 26
          }
        },
        "loc": {
          "start": {
            "line": 86,
            "column": 31
          },
          "end": {
            "line": 86,
            "column": 52
          }
        },
        "line": 86
      }
    },
    "branchMap": {},
    "s": {
      "0": 99,
      "1": 99,
      "2": 99,
      "3": 99,
      "4": 1,
      "5": 1,
      "6": 1,
      "7": 1,
      "8": 1,
      "9": 99,
      "10": 1,
      "11": 99,
      "12": 1,
      "13": 1,
      "14": 1,
      "15": 1,
      "16": 1,
      "17": 1,
      "18": 3,
      "19": 0,
      "20": 0,
      "21": 0,
      "22": 99,
      "23": 0,
      "24": 0,
      "25": 7
    },
    "f": {
      "0": 99,
      "1": 1,
      "2": 1,
      "3": 1,
      "4": 1,
      "5": 1,
      "6": 1,
      "7": 1,
      "8": 3,
      "9": 0,
      "10": 0,
      "11": 0
    },
    "b": {},
    "_coverageSchema": "1a1c01bbd47fc00a2c39e90264f33305004495a9",
    "hash": "33b13df73a078831671ec79f6e34cc9ce0e5aafa"
  },
  "C:\\Users\\Humberto\\Desktop\\Humberto\\Study\\WebDev\\form-react-app\\src\\pages\\Forms\\index.jsx": {
    "path": "C:\\Users\\Humberto\\Desktop\\Humberto\\Study\\WebDev\\form-react-app\\src\\pages\\Forms\\index.jsx",
    "statementMap": {
      "0": {
        "start": {
          "line": 21,
          "column": 22
        },
        "end": {
          "line": 23,
          "column": 1
        }
      },
      "1": {
        "start": {
          "line": 22,
          "column": 4
        },
        "end": {
          "line": 22,
          "column": 52
        }
      },
      "2": {
        "start": {
          "line": 25,
          "column": 0
        },
        "end": {
          "line": 27,
          "column": 2
        }
      },
      "3": {
        "start": {
          "line": 30,
          "column": 28
        },
        "end": {
          "line": 30,
          "column": 40
        }
      },
      "4": {
        "start": {
          "line": 31,
          "column": 46
        },
        "end": {
          "line": 31,
          "column": 58
        }
      },
      "5": {
        "start": {
          "line": 32,
          "column": 54
        },
        "end": {
          "line": 32,
          "column": 66
        }
      },
      "6": {
        "start": {
          "line": 34,
          "column": 38
        },
        "end": {
          "line": 34,
          "column": 52
        }
      },
      "7": {
        "start": {
          "line": 35,
          "column": 34
        },
        "end": {
          "line": 35,
          "column": 53
        }
      },
      "8": {
        "start": {
          "line": 37,
          "column": 40
        },
        "end": {
          "line": 37,
          "column": 59
        }
      },
      "9": {
        "start": {
          "line": 38,
          "column": 40
        },
        "end": {
          "line": 38,
          "column": 55
        }
      },
      "10": {
        "start": {
          "line": 40,
          "column": 21
        },
        "end": {
          "line": 40,
          "column": 34
        }
      },
      "11": {
        "start": {
          "line": 42,
          "column": 18
        },
        "end": {
          "line": 42,
          "column": 29
        }
      },
      "12": {
        "start": {
          "line": 44,
          "column": 4
        },
        "end": {
          "line": 57,
          "column": 11
        }
      },
      "13": {
        "start": {
          "line": 45,
          "column": 8
        },
        "end": {
          "line": 56,
          "column": 15
        }
      },
      "14": {
        "start": {
          "line": 47,
          "column": 34
        },
        "end": {
          "line": 47,
          "column": 47
        }
      },
      "15": {
        "start": {
          "line": 48,
          "column": 16
        },
        "end": {
          "line": 48,
          "column": 31
        }
      },
      "16": {
        "start": {
          "line": 49,
          "column": 16
        },
        "end": {
          "line": 49,
          "column": 36
        }
      },
      "17": {
        "start": {
          "line": 52,
          "column": 16
        },
        "end": {
          "line": 54,
          "column": 18
        }
      },
      "18": {
        "start": {
          "line": 55,
          "column": 16
        },
        "end": {
          "line": 55,
          "column": 36
        }
      },
      "19": {
        "start": {
          "line": 59,
          "column": 30
        },
        "end": {
          "line": 63,
          "column": 5
        }
      },
      "20": {
        "start": {
          "line": 60,
          "column": 8
        },
        "end": {
          "line": 62,
          "column": 9
        }
      },
      "21": {
        "start": {
          "line": 61,
          "column": 12
        },
        "end": {
          "line": 61,
          "column": 45
        }
      },
      "22": {
        "start": {
          "line": 65,
          "column": 28
        },
        "end": {
          "line": 70,
          "column": 5
        }
      },
      "23": {
        "start": {
          "line": 65,
          "column": 36
        },
        "end": {
          "line": 70,
          "column": 5
        }
      },
      "24": {
        "start": {
          "line": 66,
          "column": 8
        },
        "end": {
          "line": 69,
          "column": 11
        }
      },
      "25": {
        "start": {
          "line": 72,
          "column": 28
        },
        "end": {
          "line": 77,
          "column": 5
        }
      },
      "26": {
        "start": {
          "line": 72,
          "column": 36
        },
        "end": {
          "line": 77,
          "column": 5
        }
      },
      "27": {
        "start": {
          "line": 73,
          "column": 8
        },
        "end": {
          "line": 76,
          "column": 11
        }
      },
      "28": {
        "start": {
          "line": 79,
          "column": 30
        },
        "end": {
          "line": 81,
          "column": 5
        }
      },
      "29": {
        "start": {
          "line": 79,
          "column": 38
        },
        "end": {
          "line": 81,
          "column": 5
        }
      },
      "30": {
        "start": {
          "line": 80,
          "column": 8
        },
        "end": {
          "line": 80,
          "column": 26
        }
      },
      "31": {
        "start": {
          "line": 83,
          "column": 34
        },
        "end": {
          "line": 99,
          "column": 5
        }
      },
      "32": {
        "start": {
          "line": 84,
          "column": 8
        },
        "end": {
          "line": 84,
          "column": 28
        }
      },
      "33": {
        "start": {
          "line": 85,
          "column": 8
        },
        "end": {
          "line": 98,
          "column": 15
        }
      },
      "34": {
        "start": {
          "line": 87,
          "column": 16
        },
        "end": {
          "line": 87,
          "column": 69
        }
      },
      "35": {
        "start": {
          "line": 87,
          "column": 45
        },
        "end": {
          "line": 87,
          "column": 66
        }
      },
      "36": {
        "start": {
          "line": 88,
          "column": 16
        },
        "end": {
          "line": 88,
          "column": 37
        }
      },
      "37": {
        "start": {
          "line": 89,
          "column": 16
        },
        "end": {
          "line": 89,
          "column": 41
        }
      },
      "38": {
        "start": {
          "line": 92,
          "column": 16
        },
        "end": {
          "line": 92,
          "column": 37
        }
      },
      "39": {
        "start": {
          "line": 93,
          "column": 16
        },
        "end": {
          "line": 93,
          "column": 41
        }
      },
      "40": {
        "start": {
          "line": 95,
          "column": 16
        },
        "end": {
          "line": 97,
          "column": 18
        }
      },
      "41": {
        "start": {
          "line": 101,
          "column": 30
        },
        "end": {
          "line": 111,
          "column": 5
        }
      },
      "42": {
        "start": {
          "line": 101,
          "column": 38
        },
        "end": {
          "line": 111,
          "column": 5
        }
      },
      "43": {
        "start": {
          "line": 102,
          "column": 8
        },
        "end": {
          "line": 105,
          "column": 11
        }
      },
      "44": {
        "start": {
          "line": 107,
          "column": 26
        },
        "end": {
          "line": 107,
          "column": 59
        }
      },
      "45": {
        "start": {
          "line": 107,
          "column": 45
        },
        "end": {
          "line": 107,
          "column": 58
        }
      },
      "46": {
        "start": {
          "line": 108,
          "column": 8
        },
        "end": {
          "line": 110,
          "column": 9
        }
      },
      "47": {
        "start": {
          "line": 109,
          "column": 12
        },
        "end": {
          "line": 109,
          "column": 57
        }
      },
      "48": {
        "start": {
          "line": 109,
          "column": 41
        },
        "end": {
          "line": 109,
          "column": 54
        }
      },
      "49": {
        "start": {
          "line": 113,
          "column": 24
        },
        "end": {
          "line": 113,
          "column": 43
        }
      },
      "50": {
        "start": {
          "line": 113,
          "column": 34
        },
        "end": {
          "line": 113,
          "column": 43
        }
      },
      "51": {
        "start": {
          "line": 115,
          "column": 29
        },
        "end": {
          "line": 168,
          "column": 5
        }
      },
      "52": {
        "start": {
          "line": 116,
          "column": 8
        },
        "end": {
          "line": 165,
          "column": 9
        }
      },
      "53": {
        "start": {
          "line": 117,
          "column": 12
        },
        "end": {
          "line": 159,
          "column": 13
        }
      },
      "54": {
        "start": {
          "line": 118,
          "column": 16
        },
        "end": {
          "line": 135,
          "column": 23
        }
      },
      "55": {
        "start": {
          "line": 123,
          "column": 37
        },
        "end": {
          "line": 123,
          "column": 50
        }
      },
      "56": {
        "start": {
          "line": 124,
          "column": 24
        },
        "end": {
          "line": 128,
          "column": 26
        }
      },
      "57": {
        "start": {
          "line": 126,
          "column": 32
        },
        "end": {
          "line": 126,
          "column": 65
        }
      },
      "58": {
        "start": {
          "line": 131,
          "column": 24
        },
        "end": {
          "line": 133,
          "column": 26
        }
      },
      "59": {
        "start": {
          "line": 134,
          "column": 24
        },
        "end": {
          "line": 134,
          "column": 76
        }
      },
      "60": {
        "start": {
          "line": 134,
          "column": 53
        },
        "end": {
          "line": 134,
          "column": 73
        }
      },
      "61": {
        "start": {
          "line": 137,
          "column": 16
        },
        "end": {
          "line": 158,
          "column": 23
        }
      },
      "62": {
        "start": {
          "line": 142,
          "column": 37
        },
        "end": {
          "line": 142,
          "column": 50
        }
      },
      "63": {
        "start": {
          "line": 143,
          "column": 24
        },
        "end": {
          "line": 147,
          "column": 26
        }
      },
      "64": {
        "start": {
          "line": 145,
          "column": 32
        },
        "end": {
          "line": 145,
          "column": 65
        }
      },
      "65": {
        "start": {
          "line": 150,
          "column": 24
        },
        "end": {
          "line": 152,
          "column": 26
        }
      },
      "66": {
        "start": {
          "line": 153,
          "column": 24
        },
        "end": {
          "line": 157,
          "column": 26
        }
      },
      "67": {
        "start": {
          "line": 155,
          "column": 32
        },
        "end": {
          "line": 155,
          "column": 72
        }
      },
      "68": {
        "start": {
          "line": 160,
          "column": 31
        },
        "end": {
          "line": 160,
          "column": 58
        }
      },
      "69": {
        "start": {
          "line": 161,
          "column": 12
        },
        "end": {
          "line": 163,
          "column": 14
        }
      },
      "70": {
        "start": {
          "line": 162,
          "column": 35
        },
        "end": {
          "line": 162,
          "column": 74
        }
      },
      "71": {
        "start": {
          "line": 164,
          "column": 12
        },
        "end": {
          "line": 164,
          "column": 30
        }
      },
      "72": {
        "start": {
          "line": 167,
          "column": 8
        },
        "end": {
          "line": 167,
          "column": 64
        }
      },
      "73": {
        "start": {
          "line": 170,
          "column": 38
        },
        "end": {
          "line": 172,
          "column": 5
        }
      },
      "74": {
        "start": {
          "line": 171,
          "column": 8
        },
        "end": {
          "line": 171,
          "column": 43
        }
      },
      "75": {
        "start": {
          "line": 174,
          "column": 20
        },
        "end": {
          "line": 245,
          "column": 5
        }
      },
      "76": {
        "start": {
          "line": 190,
          "column": 20
        },
        "end": {
          "line": 190,
          "column": 65
        }
      },
      "77": {
        "start": {
          "line": 192,
          "column": 16
        },
        "end": {
          "line": 213,
          "column": 17
        }
      },
      "78": {
        "start": {
          "line": 193,
          "column": 20
        },
        "end": {
          "line": 212,
          "column": 22
        }
      },
      "79": {
        "start": {
          "line": 215,
          "column": 16
        },
        "end": {
          "line": 242,
          "column": 18
        }
      },
      "80": {
        "start": {
          "line": 221,
          "column": 39
        },
        "end": {
          "line": 221,
          "column": 63
        }
      },
      "81": {
        "start": {
          "line": 247,
          "column": 4
        },
        "end": {
          "line": 298,
          "column": 6
        }
      },
      "82": {
        "start": {
          "line": 251,
          "column": 31
        },
        "end": {
          "line": 251,
          "column": 55
        }
      },
      "83": {
        "start": {
          "line": 263,
          "column": 20
        },
        "end": {
          "line": 263,
          "column": 63
        }
      },
      "84": {
        "start": {
          "line": 271,
          "column": 52
        },
        "end": {
          "line": 271,
          "column": 77
        }
      },
      "85": {
        "start": {
          "line": 295,
          "column": 31
        },
        "end": {
          "line": 295,
          "column": 52
        }
      }
    },
    "fnMap": {
      "0": {
        "name": "(anonymous_0)",
        "decl": {
          "start": {
            "line": 21,
            "column": 22
          },
          "end": {
            "line": 21,
            "column": 23
          }
        },
        "loc": {
          "start": {
            "line": 22,
            "column": 4
          },
          "end": {
            "line": 22,
            "column": 52
          }
        },
        "line": 22
      },
      "1": {
        "name": "Forms",
        "decl": {
          "start": {
            "line": 29,
            "column": 9
          },
          "end": {
            "line": 29,
            "column": 14
          }
        },
        "loc": {
          "start": {
            "line": 29,
            "column": 17
          },
          "end": {
            "line": 299,
            "column": 1
          }
        },
        "line": 29
      },
      "2": {
        "name": "(anonymous_2)",
        "decl": {
          "start": {
            "line": 44,
            "column": 14
          },
          "end": {
            "line": 44,
            "column": 15
          }
        },
        "loc": {
          "start": {
            "line": 44,
            "column": 20
          },
          "end": {
            "line": 57,
            "column": 5
          }
        },
        "line": 44
      },
      "3": {
        "name": "(anonymous_3)",
        "decl": {
          "start": {
            "line": 46,
            "column": 18
          },
          "end": {
            "line": 46,
            "column": 19
          }
        },
        "loc": {
          "start": {
            "line": 46,
            "column": 32
          },
          "end": {
            "line": 50,
            "column": 13
          }
        },
        "line": 46
      },
      "4": {
        "name": "(anonymous_4)",
        "decl": {
          "start": {
            "line": 51,
            "column": 19
          },
          "end": {
            "line": 51,
            "column": 20
          }
        },
        "loc": {
          "start": {
            "line": 51,
            "column": 25
          },
          "end": {
            "line": 56,
            "column": 13
          }
        },
        "line": 51
      },
      "5": {
        "name": "(anonymous_5)",
        "decl": {
          "start": {
            "line": 59,
            "column": 30
          },
          "end": {
            "line": 59,
            "column": 31
          }
        },
        "loc": {
          "start": {
            "line": 59,
            "column": 49
          },
          "end": {
            "line": 63,
            "column": 5
          }
        },
        "line": 59
      },
      "6": {
        "name": "(anonymous_6)",
        "decl": {
          "start": {
            "line": 65,
            "column": 28
          },
          "end": {
            "line": 65,
            "column": 29
          }
        },
        "loc": {
          "start": {
            "line": 65,
            "column": 36
          },
          "end": {
            "line": 70,
            "column": 5
          }
        },
        "line": 65
      },
      "7": {
        "name": "(anonymous_7)",
        "decl": {
          "start": {
            "line": 65,
            "column": 36
          },
          "end": {
            "line": 65,
            "column": 37
          }
        },
        "loc": {
          "start": {
            "line": 65,
            "column": 42
          },
          "end": {
            "line": 70,
            "column": 5
          }
        },
        "line": 65
      },
      "8": {
        "name": "(anonymous_8)",
        "decl": {
          "start": {
            "line": 72,
            "column": 28
          },
          "end": {
            "line": 72,
            "column": 29
          }
        },
        "loc": {
          "start": {
            "line": 72,
            "column": 36
          },
          "end": {
            "line": 77,
            "column": 5
          }
        },
        "line": 72
      },
      "9": {
        "name": "(anonymous_9)",
        "decl": {
          "start": {
            "line": 72,
            "column": 36
          },
          "end": {
            "line": 72,
            "column": 37
          }
        },
        "loc": {
          "start": {
            "line": 72,
            "column": 42
          },
          "end": {
            "line": 77,
            "column": 5
          }
        },
        "line": 72
      },
      "10": {
        "name": "(anonymous_10)",
        "decl": {
          "start": {
            "line": 79,
            "column": 30
          },
          "end": {
            "line": 79,
            "column": 31
          }
        },
        "loc": {
          "start": {
            "line": 79,
            "column": 38
          },
          "end": {
            "line": 81,
            "column": 5
          }
        },
        "line": 79
      },
      "11": {
        "name": "(anonymous_11)",
        "decl": {
          "start": {
            "line": 79,
            "column": 38
          },
          "end": {
            "line": 79,
            "column": 39
          }
        },
        "loc": {
          "start": {
            "line": 79,
            "column": 44
          },
          "end": {
            "line": 81,
            "column": 5
          }
        },
        "line": 79
      },
      "12": {
        "name": "(anonymous_12)",
        "decl": {
          "start": {
            "line": 83,
            "column": 34
          },
          "end": {
            "line": 83,
            "column": 35
          }
        },
        "loc": {
          "start": {
            "line": 83,
            "column": 40
          },
          "end": {
            "line": 99,
            "column": 5
          }
        },
        "line": 83
      },
      "13": {
        "name": "(anonymous_13)",
        "decl": {
          "start": {
            "line": 86,
            "column": 18
          },
          "end": {
            "line": 86,
            "column": 19
          }
        },
        "loc": {
          "start": {
            "line": 86,
            "column": 24
          },
          "end": {
            "line": 90,
            "column": 13
          }
        },
        "line": 86
      },
      "14": {
        "name": "(anonymous_14)",
        "decl": {
          "start": {
            "line": 87,
            "column": 36
          },
          "end": {
            "line": 87,
            "column": 37
          }
        },
        "loc": {
          "start": {
            "line": 87,
            "column": 45
          },
          "end": {
            "line": 87,
            "column": 66
          }
        },
        "line": 87
      },
      "15": {
        "name": "(anonymous_15)",
        "decl": {
          "start": {
            "line": 91,
            "column": 19
          },
          "end": {
            "line": 91,
            "column": 20
          }
        },
        "loc": {
          "start": {
            "line": 91,
            "column": 25
          },
          "end": {
            "line": 98,
            "column": 13
          }
        },
        "line": 91
      },
      "16": {
        "name": "(anonymous_16)",
        "decl": {
          "start": {
            "line": 101,
            "column": 30
          },
          "end": {
            "line": 101,
            "column": 31
          }
        },
        "loc": {
          "start": {
            "line": 101,
            "column": 38
          },
          "end": {
            "line": 111,
            "column": 5
          }
        },
        "line": 101
      },
      "17": {
        "name": "(anonymous_17)",
        "decl": {
          "start": {
            "line": 101,
            "column": 38
          },
          "end": {
            "line": 101,
            "column": 39
          }
        },
        "loc": {
          "start": {
            "line": 101,
            "column": 44
          },
          "end": {
            "line": 111,
            "column": 5
          }
        },
        "line": 101
      },
      "18": {
        "name": "(anonymous_18)",
        "decl": {
          "start": {
            "line": 107,
            "column": 36
          },
          "end": {
            "line": 107,
            "column": 37
          }
        },
        "loc": {
          "start": {
            "line": 107,
            "column": 45
          },
          "end": {
            "line": 107,
            "column": 58
          }
        },
        "line": 107
      },
      "19": {
        "name": "(anonymous_19)",
        "decl": {
          "start": {
            "line": 109,
            "column": 32
          },
          "end": {
            "line": 109,
            "column": 33
          }
        },
        "loc": {
          "start": {
            "line": 109,
            "column": 41
          },
          "end": {
            "line": 109,
            "column": 54
          }
        },
        "line": 109
      },
      "20": {
        "name": "(anonymous_20)",
        "decl": {
          "start": {
            "line": 113,
            "column": 24
          },
          "end": {
            "line": 113,
            "column": 25
          }
        },
        "loc": {
          "start": {
            "line": 113,
            "column": 34
          },
          "end": {
            "line": 113,
            "column": 43
          }
        },
        "line": 113
      },
      "21": {
        "name": "(anonymous_21)",
        "decl": {
          "start": {
            "line": 115,
            "column": 29
          },
          "end": {
            "line": 115,
            "column": 30
          }
        },
        "loc": {
          "start": {
            "line": 115,
            "column": 54
          },
          "end": {
            "line": 168,
            "column": 5
          }
        },
        "line": 115
      },
      "22": {
        "name": "(anonymous_22)",
        "decl": {
          "start": {
            "line": 122,
            "column": 26
          },
          "end": {
            "line": 122,
            "column": 27
          }
        },
        "loc": {
          "start": {
            "line": 122,
            "column": 40
          },
          "end": {
            "line": 129,
            "column": 21
          }
        },
        "line": 122
      },
      "23": {
        "name": "(anonymous_23)",
        "decl": {
          "start": {
            "line": 125,
            "column": 37
          },
          "end": {
            "line": 125,
            "column": 38
          }
        },
        "loc": {
          "start": {
            "line": 126,
            "column": 32
          },
          "end": {
            "line": 126,
            "column": 65
          }
        },
        "line": 126
      },
      "24": {
        "name": "(anonymous_24)",
        "decl": {
          "start": {
            "line": 130,
            "column": 27
          },
          "end": {
            "line": 130,
            "column": 28
          }
        },
        "loc": {
          "start": {
            "line": 130,
            "column": 33
          },
          "end": {
            "line": 135,
            "column": 21
          }
        },
        "line": 130
      },
      "25": {
        "name": "(anonymous_25)",
        "decl": {
          "start": {
            "line": 134,
            "column": 44
          },
          "end": {
            "line": 134,
            "column": 45
          }
        },
        "loc": {
          "start": {
            "line": 134,
            "column": 53
          },
          "end": {
            "line": 134,
            "column": 73
          }
        },
        "line": 134
      },
      "26": {
        "name": "(anonymous_26)",
        "decl": {
          "start": {
            "line": 141,
            "column": 26
          },
          "end": {
            "line": 141,
            "column": 27
          }
        },
        "loc": {
          "start": {
            "line": 141,
            "column": 40
          },
          "end": {
            "line": 148,
            "column": 21
          }
        },
        "line": 141
      },
      "27": {
        "name": "(anonymous_27)",
        "decl": {
          "start": {
            "line": 144,
            "column": 37
          },
          "end": {
            "line": 144,
            "column": 38
          }
        },
        "loc": {
          "start": {
            "line": 145,
            "column": 32
          },
          "end": {
            "line": 145,
            "column": 65
          }
        },
        "line": 145
      },
      "28": {
        "name": "(anonymous_28)",
        "decl": {
          "start": {
            "line": 149,
            "column": 27
          },
          "end": {
            "line": 149,
            "column": 28
          }
        },
        "loc": {
          "start": {
            "line": 149,
            "column": 33
          },
          "end": {
            "line": 158,
            "column": 21
          }
        },
        "line": 149
      },
      "29": {
        "name": "(anonymous_29)",
        "decl": {
          "start": {
            "line": 154,
            "column": 37
          },
          "end": {
            "line": 154,
            "column": 38
          }
        },
        "loc": {
          "start": {
            "line": 155,
            "column": 32
          },
          "end": {
            "line": 155,
            "column": 72
          }
        },
        "line": 155
      },
      "30": {
        "name": "(anonymous_30)",
        "decl": {
          "start": {
            "line": 162,
            "column": 25
          },
          "end": {
            "line": 162,
            "column": 26
          }
        },
        "loc": {
          "start": {
            "line": 162,
            "column": 35
          },
          "end": {
            "line": 162,
            "column": 74
          }
        },
        "line": 162
      },
      "31": {
        "name": "(anonymous_31)",
        "decl": {
          "start": {
            "line": 170,
            "column": 38
          },
          "end": {
            "line": 170,
            "column": 39
          }
        },
        "loc": {
          "start": {
            "line": 170,
            "column": 60
          },
          "end": {
            "line": 172,
            "column": 5
          }
        },
        "line": 170
      },
      "32": {
        "name": "(anonymous_32)",
        "decl": {
          "start": {
            "line": 188,
            "column": 24
          },
          "end": {
            "line": 188,
            "column": 25
          }
        },
        "loc": {
          "start": {
            "line": 188,
            "column": 36
          },
          "end": {
            "line": 243,
            "column": 13
          }
        },
        "line": 188
      },
      "33": {
        "name": "(anonymous_33)",
        "decl": {
          "start": {
            "line": 221,
            "column": 33
          },
          "end": {
            "line": 221,
            "column": 34
          }
        },
        "loc": {
          "start": {
            "line": 221,
            "column": 39
          },
          "end": {
            "line": 221,
            "column": 63
          }
        },
        "line": 221
      },
      "34": {
        "name": "(anonymous_34)",
        "decl": {
          "start": {
            "line": 251,
            "column": 25
          },
          "end": {
            "line": 251,
            "column": 26
          }
        },
        "loc": {
          "start": {
            "line": 251,
            "column": 31
          },
          "end": {
            "line": 251,
            "column": 55
          }
        },
        "line": 251
      },
      "35": {
        "name": "(anonymous_35)",
        "decl": {
          "start": {
            "line": 262,
            "column": 43
          },
          "end": {
            "line": 262,
            "column": 44
          }
        },
        "loc": {
          "start": {
            "line": 262,
            "column": 69
          },
          "end": {
            "line": 264,
            "column": 17
          }
        },
        "line": 262
      },
      "36": {
        "name": "(anonymous_36)",
        "decl": {
          "start": {
            "line": 271,
            "column": 41
          },
          "end": {
            "line": 271,
            "column": 42
          }
        },
        "loc": {
          "start": {
            "line": 271,
            "column": 52
          },
          "end": {
            "line": 271,
            "column": 77
          }
        },
        "line": 271
      },
      "37": {
        "name": "(anonymous_37)",
        "decl": {
          "start": {
            "line": 295,
            "column": 25
          },
          "end": {
            "line": 295,
            "column": 26
          }
        },
        "loc": {
          "start": {
            "line": 295,
            "column": 31
          },
          "end": {
            "line": 295,
            "column": 52
          }
        },
        "line": 295
      }
    },
    "branchMap": {
      "0": {
        "loc": {
          "start": {
            "line": 60,
            "column": 8
          },
          "end": {
            "line": 62,
            "column": 9
          }
        },
        "type": "if",
        "locations": [
          {
            "start": {
              "line": 60,
              "column": 8
            },
            "end": {
              "line": 62,
              "column": 9
            }
          },
          {
            "start": {
              "line": 60,
              "column": 8
            },
            "end": {
              "line": 62,
              "column": 9
            }
          }
        ],
        "line": 60
      },
      "1": {
        "loc": {
          "start": {
            "line": 108,
            "column": 8
          },
          "end": {
            "line": 110,
            "column": 9
          }
        },
        "type": "if",
        "locations": [
          {
            "start": {
              "line": 108,
              "column": 8
            },
            "end": {
              "line": 110,
              "column": 9
            }
          },
          {
            "start": {
              "line": 108,
              "column": 8
            },
            "end": {
              "line": 110,
              "column": 9
            }
          }
        ],
        "line": 108
      },
      "2": {
        "loc": {
          "start": {
            "line": 116,
            "column": 8
          },
          "end": {
            "line": 165,
            "column": 9
          }
        },
        "type": "if",
        "locations": [
          {
            "start": {
              "line": 116,
              "column": 8
            },
            "end": {
              "line": 165,
              "column": 9
            }
          },
          {
            "start": {
              "line": 116,
              "column": 8
            },
            "end": {
              "line": 165,
              "column": 9
            }
          }
        ],
        "line": 116
      },
      "3": {
        "loc": {
          "start": {
            "line": 117,
            "column": 12
          },
          "end": {
            "line": 159,
            "column": 13
          }
        },
        "type": "if",
        "locations": [
          {
            "start": {
              "line": 117,
              "column": 12
            },
            "end": {
              "line": 159,
              "column": 13
            }
          },
          {
            "start": {
              "line": 117,
              "column": 12
            },
            "end": {
              "line": 159,
              "column": 13
            }
          }
        ],
        "line": 117
      },
      "4": {
        "loc": {
          "start": {
            "line": 126,
            "column": 32
          },
          "end": {
            "line": 126,
            "column": 65
          }
        },
        "type": "cond-expr",
        "locations": [
          {
            "start": {
              "line": 126,
              "column": 55
            },
            "end": {
              "line": 126,
              "column": 59
            }
          },
          {
            "start": {
              "line": 126,
              "column": 62
            },
            "end": {
              "line": 126,
              "column": 65
            }
          }
        ],
        "line": 126
      },
      "5": {
        "loc": {
          "start": {
            "line": 145,
            "column": 32
          },
          "end": {
            "line": 145,
            "column": 65
          }
        },
        "type": "cond-expr",
        "locations": [
          {
            "start": {
              "line": 145,
              "column": 55
            },
            "end": {
              "line": 145,
              "column": 59
            }
          },
          {
            "start": {
              "line": 145,
              "column": 62
            },
            "end": {
              "line": 145,
              "column": 65
            }
          }
        ],
        "line": 145
      },
      "6": {
        "loc": {
          "start": {
            "line": 155,
            "column": 32
          },
          "end": {
            "line": 155,
            "column": 72
          }
        },
        "type": "cond-expr",
        "locations": [
          {
            "start": {
              "line": 155,
              "column": 55
            },
            "end": {
              "line": 155,
              "column": 66
            }
          },
          {
            "start": {
              "line": 155,
              "column": 69
            },
            "end": {
              "line": 155,
              "column": 72
            }
          }
        ],
        "line": 155
      },
      "7": {
        "loc": {
          "start": {
            "line": 162,
            "column": 35
          },
          "end": {
            "line": 162,
            "column": 74
          }
        },
        "type": "cond-expr",
        "locations": [
          {
            "start": {
              "line": 162,
              "column": 58
            },
            "end": {
              "line": 162,
              "column": 68
            }
          },
          {
            "start": {
              "line": 162,
              "column": 71
            },
            "end": {
              "line": 162,
              "column": 74
            }
          }
        ],
        "line": 162
      },
      "8": {
        "loc": {
          "start": {
            "line": 192,
            "column": 16
          },
          "end": {
            "line": 213,
            "column": 17
          }
        },
        "type": "if",
        "locations": [
          {
            "start": {
              "line": 192,
              "column": 16
            },
            "end": {
              "line": 213,
              "column": 17
            }
          },
          {
            "start": {
              "line": 192,
              "column": 16
            },
            "end": {
              "line": 213,
              "column": 17
            }
          }
        ],
        "line": 192
      }
    },
    "s": {
      "0": 7,
      "1": 198,
      "2": 7,
      "3": 30,
      "4": 30,
      "5": 30,
      "6": 30,
      "7": 30,
      "8": 30,
      "9": 30,
      "10": 30,
      "11": 30,
      "12": 30,
      "13": 7,
      "14": 6,
      "15": 6,
      "16": 6,
      "17": 0,
      "18": 0,
      "19": 30,
      "20": 0,
      "21": 0,
      "22": 30,
      "23": 202,
      "24": 1,
      "25": 30,
      "26": 11,
      "27": 2,
      "28": 30,
      "29": 202,
      "30": 1,
      "31": 30,
      "32": 1,
      "33": 1,
      "34": 1,
      "35": 3,
      "36": 1,
      "37": 1,
      "38": 0,
      "39": 0,
      "40": 0,
      "41": 30,
      "42": 11,
      "43": 0,
      "44": 0,
      "45": 0,
      "46": 0,
      "47": 0,
      "48": 0,
      "49": 30,
      "50": 2,
      "51": 30,
      "52": 2,
      "53": 2,
      "54": 1,
      "55": 1,
      "56": 1,
      "57": 4,
      "58": 0,
      "59": 0,
      "60": 0,
      "61": 1,
      "62": 1,
      "63": 1,
      "64": 3,
      "65": 0,
      "66": 0,
      "67": 0,
      "68": 2,
      "69": 2,
      "70": 7,
      "71": 2,
      "72": 0,
      "73": 30,
      "74": 2,
      "75": 30,
      "76": 213,
      "77": 213,
      "78": 11,
      "79": 202,
      "80": 1,
      "81": 30,
      "82": 0,
      "83": 3,
      "84": 0,
      "85": 0
    },
    "f": {
      "0": 198,
      "1": 30,
      "2": 7,
      "3": 6,
      "4": 0,
      "5": 0,
      "6": 202,
      "7": 1,
      "8": 11,
      "9": 2,
      "10": 202,
      "11": 1,
      "12": 1,
      "13": 1,
      "14": 3,
      "15": 0,
      "16": 11,
      "17": 0,
      "18": 0,
      "19": 0,
      "20": 2,
      "21": 2,
      "22": 1,
      "23": 4,
      "24": 0,
      "25": 0,
      "26": 1,
      "27": 3,
      "28": 0,
      "29": 0,
      "30": 7,
      "31": 2,
      "32": 213,
      "33": 1,
      "34": 0,
      "35": 3,
      "36": 0,
      "37": 0
    },
    "b": {
      "0": [
        0,
        0
      ],
      "1": [
        0,
        0
      ],
      "2": [
        2,
        0
      ],
      "3": [
        1,
        1
      ],
      "4": [
        1,
        3
      ],
      "5": [
        1,
        2
      ],
      "6": [
        0,
        0
      ],
      "7": [
        2,
        5
      ],
      "8": [
        11,
        202
      ]
    },
    "_coverageSchema": "1a1c01bbd47fc00a2c39e90264f33305004495a9",
    "hash": "9c2e4c35b90a94a418ea5ddf0e54fe99392538ef"
  },
  "C:\\Users\\Humberto\\Desktop\\Humberto\\Study\\WebDev\\form-react-app\\src\\utils\\user.js": {
    "path": "C:\\Users\\Humberto\\Desktop\\Humberto\\Study\\WebDev\\form-react-app\\src\\utils\\user.js",
    "statementMap": {
      "0": {
        "start": {
          "line": 4,
          "column": 27
        },
        "end": {
          "line": 12,
          "column": 1
        }
      },
      "1": {
        "start": {
          "line": 5,
          "column": 18
        },
        "end": {
          "line": 5,
          "column": 38
        }
      },
      "2": {
        "start": {
          "line": 6,
          "column": 4
        },
        "end": {
          "line": 11,
          "column": 5
        }
      },
      "3": {
        "start": {
          "line": 7,
          "column": 24
        },
        "end": {
          "line": 7,
          "column": 40
        }
      },
      "4": {
        "start": {
          "line": 8,
          "column": 8
        },
        "end": {
          "line": 8,
          "column": 43
        }
      },
      "5": {
        "start": {
          "line": 10,
          "column": 8
        },
        "end": {
          "line": 10,
          "column": 20
        }
      },
      "6": {
        "start": {
          "line": 14,
          "column": 22
        },
        "end": {
          "line": 16,
          "column": 1
        }
      },
      "7": {
        "start": {
          "line": 15,
          "column": 4
        },
        "end": {
          "line": 15,
          "column": 34
        }
      }
    },
    "fnMap": {
      "0": {
        "name": "(anonymous_0)",
        "decl": {
          "start": {
            "line": 4,
            "column": 27
          },
          "end": {
            "line": 4,
            "column": 28
          }
        },
        "loc": {
          "start": {
            "line": 4,
            "column": 33
          },
          "end": {
            "line": 12,
            "column": 1
          }
        },
        "line": 4
      },
      "1": {
        "name": "(anonymous_1)",
        "decl": {
          "start": {
            "line": 14,
            "column": 22
          },
          "end": {
            "line": 14,
            "column": 23
          }
        },
        "loc": {
          "start": {
            "line": 14,
            "column": 28
          },
          "end": {
            "line": 16,
            "column": 1
          }
        },
        "line": 14
      }
    },
    "branchMap": {},
    "s": {
      "0": 7,
      "1": 15,
      "2": 15,
      "3": 15,
      "4": 0,
      "5": 15,
      "6": 7,
      "7": 0
    },
    "f": {
      "0": 15,
      "1": 0
    },
    "b": {},
    "_coverageSchema": "1a1c01bbd47fc00a2c39e90264f33305004495a9",
    "hash": "90ac6184f972599bb62e63a7f2077aeb5dfd50ed"
  },
  "C:\\Users\\Humberto\\Desktop\\Humberto\\Study\\WebDev\\form-react-app\\src\\pages\\Base\\index.jsx": {
    "path": "C:\\Users\\Humberto\\Desktop\\Humberto\\Study\\WebDev\\form-react-app\\src\\pages\\Base\\index.jsx",
    "statementMap": {
      "0": {
        "start": {
          "line": 22,
          "column": 21
        },
        "end": {
          "line": 22,
          "column": 34
        }
      },
      "1": {
        "start": {
          "line": 24,
          "column": 36
        },
        "end": {
          "line": 24,
          "column": 50
        }
      },
      "2": {
        "start": {
          "line": 26,
          "column": 21
        },
        "end": {
          "line": 26,
          "column": 34
        }
      },
      "3": {
        "start": {
          "line": 28,
          "column": 23
        },
        "end": {
          "line": 30,
          "column": 5
        }
      },
      "4": {
        "start": {
          "line": 29,
          "column": 8
        },
        "end": {
          "line": 29,
          "column": 41
        }
      },
      "5": {
        "start": {
          "line": 32,
          "column": 24
        },
        "end": {
          "line": 34,
          "column": 5
        }
      },
      "6": {
        "start": {
          "line": 33,
          "column": 8
        },
        "end": {
          "line": 33,
          "column": 26
[...]
      "17": {
        "name": "(anonymous_17)",
        "decl": {
          "start": {
            "line": 162,
            "column": 18
          },
          "end": {
            "line": 162,
            "column": 19
          }
        },
        "loc": {
          "start": {
            "line": 162,
            "column": 24
          },
          "end": {
            "line": 168,
            "column": 13
          }
        },
        "line": 162
      },
      "18": {
        "name": "(anonymous_18)",
        "decl": {
          "start": {
            "line": 169,
            "column": 19
          },
          "end": {
            "line": 169,
            "column": 20
          }
        },
        "loc": {
          "start": {
            "line": 169,
            "column": 25
          },
          "end": {
            "line": 175,
            "column": 13
          }
        },
        "line": 169
      },
      "19": {
        "name": "(anonymous_19)",
        "decl": {
          "start": {
            "line": 178,
            "column": 23
          },
          "end": {
            "line": 178,
            "column": 24
          }
        },
        "loc": {
          "start": {
            "line": 179,
            "column": 8
          },
          "end": {
            "line": 298,
            "column": 11
          }
        },
        "line": 179
      },
      "20": {
        "name": "(anonymous_20)",
        "decl": {
          "start": {
            "line": 195,
            "column": 37
          },
          "end": {
            "line": 195,
            "column": 38
          }
        },
        "loc": {
          "start": {
            "line": 195,
            "column": 43
          },
          "end": {
            "line": 195,
            "column": 61
          }
        },
        "line": 195
      },
      "21": {
        "name": "(anonymous_21)",
        "decl": {
          "start": {
            "line": 223,
            "column": 33
          },
          "end": {
            "line": 223,
            "column": 34
          }
        },
        "loc": {
          "start": {
            "line": 223,
            "column": 39
          },
          "end": {
            "line": 223,
            "column": 65
          }
        },
        "line": 223
      },
      "22": {
        "name": "(anonymous_22)",
        "decl": {
          "start": {
            "line": 231,
            "column": 33
          },
          "end": {
            "line": 231,
            "column": 34
          }
        },
        "loc": {
          "start": {
            "line": 232,
            "column": 28
          },
          "end": {
            "line": 234,
            "column": 29
          }
        },
        "line": 232
      },
      "23": {
        "name": "(anonymous_23)",
        "decl": {
          "start": {
            "line": 268,
            "column": 33
          },
          "end": {
            "line": 268,
            "column": 34
          }
        },
        "loc": {
          "start": {
            "line": 268,
            "column": 39
          },
          "end": {
            "line": 268,
            "column": 77
          }
        },
        "line": 268
      },
      "24": {
        "name": "(anonymous_24)",
        "decl": {
          "start": {
            "line": 288,
            "column": 33
          },
          "end": {
            "line": 288,
            "column": 34
          }
        },
        "loc": {
          "start": {
            "line": 289,
            "column": 28
          },
          "end": {
            "line": 292,
            "column": 30
          }
        },
        "line": 289
      }
    },
    "branchMap": {
      "0": {
        "loc": {
          "start": {
            "line": 110,
            "column": 16
          },
          "end": {
            "line": 113,
            "column": 17
          }
        },
        "type": "if",
        "locations": [
          {
            "start": {
              "line": 110,
              "column": 16
            },
            "end": {
              "line": 113,
              "column": 17
            }
          },
          {
            "start": {
              "line": 110,
              "column": 16
            },
            "end": {
              "line": 113,
              "column": 17
            }
          }
        ],
        "line": 110
      },
      "1": {
        "loc": {
          "start": {
            "line": 121,
            "column": 8
          },
          "end": {
            "line": 127,
            "column": 9
          }
        },
        "type": "if",
        "locations": [
          {
            "start": {
              "line": 121,
              "column": 8
            },
            "end": {
              "line": 127,
              "column": 9
            }
          },
          {
            "start": {
              "line": 121,
              "column": 8
            },
            "end": {
              "line": 127,
              "column": 9
            }
          }
        ],
        "line": 121
      },
      "2": {
        "loc": {
          "start": {
            "line": 149,
            "column": 21
          },
          "end": {
            "line": 149,
            "column": 47
          }
        },
        "type": "cond-expr",
        "locations": [
          {
            "start": {
              "line": 149,
              "column": 28
            },
            "end": {
              "line": 149,
              "column": 36
            }
          },
          {
            "start": {
              "line": 149,
              "column": 39
            },
            "end": {
              "line": 149,
              "column": 47
            }
          }
        ],
        "line": 149
      },
      "3": {
        "loc": {
          "start": {
            "line": 180,
            "column": 13
          },
          "end": {
            "line": 297,
            "column": 13
          }
        },
        "type": "cond-expr",
        "locations": [
          {
            "start": {
              "line": 181,
              "column": 16
            },
            "end": {
              "line": 200,
              "column": 22
            }
          },
          {
            "start": {
              "line": 202,
              "column": 16
            },
            "end": {
              "line": 296,
              "column": 19
            }
          }
        ],
        "line": 180
      },
      "4": {
        "loc": {
          "start": {
            "line": 303,
            "column": 13
          },
          "end": {
            "line": 309,
            "column": 13
          }
        },
        "type": "cond-expr",
        "locations": [
          {
            "start": {
              "line": 304,
              "column": 16
            },
            "end": {
              "line": 306,
              "column": 22
            }
          },
          {
            "start": {
              "line": 308,
              "column": 16
            },
            "end": {
              "line": 308,
              "column": 28
            }
          }
        ],
        "line": 303
      }
    },
    "s": {
      "0": 7,
      "1": 44,
      "2": 7,
      "3": 15,
      "4": 15,
      "5": 15,
      "6": 15,
      "7": 15,
      "8": 15,
      "9": 15,
      "10": 15,
      "11": 15,
      "12": 15,
      "13": 15,
      "14": 15,
      "15": 15,
      "16": 15,
      "17": 15,
      "18": 15,
      "19": 15,
      "20": 1,
      "21": 1,
      "22": 1,
      "23": 1,
      "24": 1,
      "25": 0,
      "26": 15,
      "27": 0,
      "28": 0,
      "29": 0,
      "30": 0,
      "31": 0,
      "32": 15,
      "33": 5,
      "34": 15,
      "35": 5,
      "36": 15,
      "37": 0,
      "38": 0,
      "39": 0,
      "40": 0,
      "41": 0,
      "42": 0,
      "43": 0,
      "44": 15,
      "45": 1,
      "46": 0,
      "47": 0,
      "48": 1,
      "49": 15,
      "50": 1,
      "51": 1,
      "52": 1,
      "53": 2,
      "54": 1,
      "55": 1,
      "56": 1,
      "57": 1,
      "58": 15,
      "59": 2,
      "60": 2,
      "61": 2,
      "62": 15,
      "63": 2,
      "64": 15,
      "65": 1,
      "66": 1,
      "67": 1,
      "68": 1,
      "69": 0,
      "70": 0,
      "71": 15,
      "72": 14,
      "73": 0,
      "74": 1,
      "75": 1,
      "76": 0,
      "77": 0,
      "78": 15
    },
    "f": {
      "0": 44,
      "1": 15,
      "2": 1,
      "3": 1,
      "4": 0,
      "5": 0,
      "6": 0,
      "7": 5,
      "8": 5,
      "9": 0,
      "10": 0,
      "11": 1,
      "12": 1,
      "13": 2,
      "14": 2,
      "15": 2,
      "16": 1,
      "17": 1,
      "18": 0,
      "19": 14,
      "20": 0,
      "21": 1,
      "22": 1,
      "23": 0,
      "24": 0
    },
    "b": {
      "0": [
        0,
        0
      ],
      "1": [
        0,
        1
      ],
      "2": [
        1,
        1
      ],
      "3": [
        0,
        14
      ],
      "4": [
        1,
        14
      ]
    },
    "_coverageSchema": "1a1c01bbd47fc00a2c39e90264f33305004495a9",
    "hash": "0e09f0dccc15af5c6bac63d3d1fa8b6ebdc76a61"
  },
  "C:\\Users\\Humberto\\Desktop\\Humberto\\Study\\WebDev\\form-react-app\\src\\utils\\aws.js": {
    "path": "C:\\Users\\Humberto\\Desktop\\Humberto\\Study\\WebDev\\form-react-app\\src\\utils\\aws.js",
    "statementMap": {
      "0": {
        "start": {
          "line": 7,
          "column": 26
        },
        "end": {
          "line": 7,
          "column": 54
        }
      },
      "1": {
        "start": {
          "line": 9,
          "column": 21
        },
        "end": {
          "line": 22,
          "column": 1
        }
      },
      "2": {
        "start": {
          "line": 10,
          "column": 19
        },
        "end": {
          "line": 10,
          "column": 77
        }
      },
      "3": {
        "start": {
          "line": 12,
          "column": 20
        },
        "end": {
          "line": 19,
          "column": 6
        }
      },
      "4": {
        "start": {
          "line": 21,
          "column": 4
        },
        "end": {
          "line": 21,
          "column": 32
        }
      }
    },
    "fnMap": {
      "0": {
        "name": "(anonymous_0)",
        "decl": {
          "start": {
            "line": 9,
            "column": 21
          },
          "end": {
            "line": 9,
            "column": 22
          }
        },
        "loc": {
          "start": {
            "line": 9,
            "column": 49
          },
          "end": {
            "line": 22,
            "column": 1
          }
        },
        "line": 9
      }
    },
    "branchMap": {},
    "s": {
      "0": 7,
      "1": 7,
      "2": 7,
      "3": 7,
      "4": 7
    },
    "f": {
      "0": 7
    },
    "b": {},
    "_coverageSchema": "1a1c01bbd47fc00a2c39e90264f33305004495a9",
    "hash": "347beddb2cbaf1686840e17c0e06835efc558442"
  },
  "C:\\Users\\Humberto\\Desktop\\Humberto\\Study\\WebDev\\form-react-app\\src\\pages\\Login\\index.jsx": {
    "path": "C:\\Users\\Humberto\\Desktop\\Humberto\\Study\\WebDev\\form-react-app\\src\\pages\\Login\\index.jsx",
    "statementMap": {
      "0": {
        "start": {
          "line": 9,
          "column": 36
        },
        "end": {
          "line": 9,
          "column": 48
        }
      },
      "1": {
        "start": {
          "line": 10,
          "column": 36
        },
        "end": {
          "line": 10,
          "column": 48
        }
      },
      "2": {
        "start": {
          "line": 12,
          "column": 34
        },
        "end": {
          "line": 12,
          "column": 53
        }
      },
      "3": {
        "start": {
          "line": 14,
          "column": 21
        },
        "end": {
          "line": 14,
          "column": 34
        }
      },
      "4": {
        "start": {
          "line": 16,
          "column": 25
        },
        "end": {
          "line": 28,
          "column": 5
        }
      },
      "5": {
        "start": {
          "line": 18,
          "column": 25
        },
        "end": {
          "line": 18,
          "column": 61
        }
      },
      "6": {
        "start": {
          "line": 19,
          "column": 8
        },
        "end": {
          "line": 27,
          "column": 15
        }
      },
      "7": {
        "start": {
          "line": 21,
          "column": 30
        },
        "end": {
          "line": 21,
          "column": 67
        }
      },
      "8": {
        "start": {
          "line": 22,
          "column": 16
        },
        "end": {
          "line": 22,
          "column": 44
        }
      },
      "9": {
        "start": {
          "line": 23,
          "column": 16
        },
        "end": {
          "line": 23,
          "column": 35
        }
      },
      "10": {
        "start": {
          "line": 26,
          "column": 16
        },
        "end": {
          "line": 26,
          "column": 68
        }
      },
      "11": {
        "start": {
          "line": 30,
          "column": 4
        },
        "end": {
          "line": 86,
          "column": 6
        }
      },
      "12": {
        "start": {
          "line": 47,
          "column": 24
        },
        "end": {
          "line": 47,
          "column": 47
        }
      },
      "13": {
        "start": {
          "line": 48,
          "column": 24
        },
        "end": {
          "line": 48,
          "column": 39
        }
      },
      "14": {
        "start": {
          "line": 55,
          "column": 45
        },
        "end": {
          "line": 55,
          "column": 76
        }
      },
      "15": {
        "start": {
          "line": 65,
          "column": 45
        },
        "end": {
          "line": 65,
          "column": 76
        }
      },
      "16": {
        "start": {
          "line": 83,
          "column": 31
        },
        "end": {
          "line": 83,
          "column": 52
        }
      }
    },
    "fnMap": {
      "0": {
        "name": "Login",
        "decl": {
          "start": {
            "line": 8,
            "column": 9
          },
          "end": {
            "line": 8,
            "column": 14
          }
        },
        "loc": {
          "start": {
            "line": 8,
            "column": 17
          },
          "end": {
            "line": 87,
            "column": 1
          }
        },
        "line": 8
      },
      "1": {
        "name": "(anonymous_1)",
        "decl": {
          "start": {
            "line": 16,
            "column": 25
          },
          "end": {
            "line": 16,
            "column": 26
          }
        },
        "loc": {
          "start": {
            "line": 16,
            "column": 31
          },
          "end": {
            "line": 28,
            "column": 5
          }
        },
        "line": 16
      },
      "2": {
        "name": "(anonymous_2)",
        "decl": {
          "start": {
            "line": 20,
            "column": 18
          },
          "end": {
            "line": 20,
            "column": 19
          }
        },
        "loc": {
          "start": {
            "line": 20,
            "column": 32
          },
          "end": {
            "line": 24,
            "column": 13
          }
        },
        "line": 20
      },
      "3": {
        "name": "(anonymous_3)",
        "decl": {
          "start": {
            "line": 25,
            "column": 19
          },
          "end": {
            "line": 25,
            "column": 20
          }
        },
        "loc": {
          "start": {
            "line": 25,
            "column": 25
          },
          "end": {
            "line": 27,
            "column": 13
          }
        },
        "line": 25
      },
      "4": {
        "name": "(anonymous_4)",
        "decl": {
          "start": {
            "line": 46,
            "column": 30
          },
          "end": {
            "line": 46,
            "column": 31
          }
        },
        "loc": {
          "start": {
            "line": 46,
            "column": 41
          },
          "end": {
            "line": 49,
            "column": 21
          }
        },
        "line": 46
      },
      "5": {
        "name": "(anonymous_5)",
        "decl": {
          "start": {
            "line": 55,
            "column": 34
          },
          "end": {
            "line": 55,
            "column": 35
          }
        },
        "loc": {
          "start": {
            "line": 55,
            "column": 45
          },
          "end": {
            "line": 55,
            "column": 76
          }
        },
        "line": 55
      },
      "6": {
        "name": "(anonymous_6)",
        "decl": {
          "start": {
            "line": 65,
            "column": 34
          },
          "end": {
            "line": 65,
            "column": 35
          }
        },
        "loc": {
          "start": {
            "line": 65,
            "column": 45
          },
          "end": {
            "line": 65,
            "column": 76
          }
        },
        "line": 65
      },
      "7": {
        "name": "(anonymous_7)",
        "decl": {
          "start": {
            "line": 83,
            "column": 25
          },
          "end": {
            "line": 83,
            "column": 26
          }
        },
        "loc": {
          "start": {
            "line": 83,
            "column": 31
          },
          "end": {
            "line": 83,
            "column": 52
          }
        },
        "line": 83
      }
    },
    "branchMap": {},
    "s": {
      "0": 190,
      "1": 190,
      "2": 190,
      "3": 190,
      "4": 190,
      "5": 7,
      "6": 7,
      "7": 7,
      "8": 7,
      "9": 7,
      "10": 0,
      "11": 190,
      "12": 7,
      "13": 7,
      "14": 78,
      "15": 105,
      "16": 0
    },
    "f": {
      "0": 190,
      "1": 7,
      "2": 7,
      "3": 0,
      "4": 7,
      "5": 78,
      "6": 105,
      "7": 0
    },
    "b": {},
    "_coverageSchema": "1a1c01bbd47fc00a2c39e90264f33305004495a9",
    "hash": "1ed34a2381aa675e4e7e2b9b49b6930aa77f2742"
  },
  "C:\\Users\\Humberto\\Desktop\\Humberto\\Study\\WebDev\\form-react-app\\src\\App.js": {
    "path": "C:\\Users\\Humberto\\Desktop\\Humberto\\Study\\WebDev\\form-react-app\\src\\App.js",
    "statementMap": {
      "0": {
        "start": {
          "line": 13,
          "column": 15
        },
        "end": {
          "line": 21,
          "column": 1
        }
      }
    },
    "fnMap": {},
    "branchMap": {},
    "s": {
      "0": 7
    },
    "f": {},
    "b": {},
    "_coverageSchema": "1a1c01bbd47fc00a2c39e90264f33305004495a9",
    "hash": "24419976950ab330e81922b814f4dfe06a0ecf32"
  },
  "C:\\Users\\Humberto\\Desktop\\Humberto\\Study\\WebDev\\form-react-app\\src\\index.js": {
    "path": "C:\\Users\\Humberto\\Desktop\\Humberto\\Study\\WebDev\\form-react-app\\src\\index.js",
    "statementMap": {
      "0": {
        "start": {
          "line": 8,
          "column": 13
        },
        "end": {
          "line": 8,
          "column": 65
        }
      },
      "1": {
        "start": {
          "line": 10,
          "column": 0
        },
        "end": {
          "line": 10,
          "column": 48
        }
      },
      "2": {
        "start": {
          "line": 15,
          "column": 0
        },
        "end": {
          "line": 15,
          "column": 18
        }
      }
    },
    "fnMap": {},
    "branchMap": {},
    "s": {
      "0": 7,
      "1": 7,
      "2": 7
    },
    "f": {},
    "b": {},
    "_coverageSchema": "1a1c01bbd47fc00a2c39e90264f33305004495a9",
    "hash": "04975e6fc155aca8f977475915b0d1e9529a1c7f"
  }
}